<?xml version="1.0" encoding="UTF-8"?>
<!-- Generated by org.testng.reporters.JUnitReportReporter -->
<testsuite hostname="DESKTOP-EKLQ2FA" failures="0" tests="1" name="pruebas.SSR3" time="4.305" errors="0" timestamp="2024-08-07T12:37:28 ART" skipped="0">
  <testcase classname="pruebas.SSR3" name="iniciarSesion" time="4.305"/>
  <system-out/>
</testsuite> <!-- pruebas.SSR3 -->
