<?xml version="1.0" encoding="UTF-8"?>
<!-- Generated by org.testng.reporters.JUnitReportReporter -->
<testsuite hostname="DESKTOP-EKLQ2FA" failures="0" tests="1" name="pruebas.SSR1_inicioSesionExitoso" time="17.078" errors="0" timestamp="2024-08-07T20:50:07 ART" skipped="0">
  <testcase classname="pruebas.SSR1_inicioSesionExitoso" name="iniciarSesion" time="17.078"/>
  <system-out/>
</testsuite> <!-- pruebas.SSR1_inicioSesionExitoso -->
