<?xml version="1.0" encoding="UTF-8"?>
<!-- Generated by org.testng.reporters.JUnitReportReporter -->
<testsuite hostname="DESKTOP-EKLQ2FA" failures="0" tests="1" name="pruebas.SSR2" time="4.230" errors="0" timestamp="2024-08-07T12:37:28 ART" skipped="0">
  <testcase classname="pruebas.SSR2" name="iniciarSesion" time="4.230"/>
  <system-out/>
</testsuite> <!-- pruebas.SSR2 -->
